<?xml version="1.0" encoding="UTF-8"?>
<!-- Generated by org.testng.reporters.JUnitXMLReporter -->
<testsuite hostname="Jayarees-MacBook-Pro.local" ignored="0" name="Signup_from_FUN" tests="6" failures="0" timestamp="27 Jan 2020 10:20:19 GMT" time="89.133" errors="0">
  <testcase name="i_am_a_user_of_Axate_and_I_am_on_the_registration_page_through_Cricketer_FUN" time="7.809" classname="Stepdef.Cricketerlive.CRISMO01_Cricketer_register_from_first_use_notice"/>
  <testcase name="i_enter_all_the_required_details_on_step_one_and_click_on_continue" time="32.875" classname="Stepdef.Cricketerlive.CRISMO01_Cricketer_register_from_first_use_notice"/>
  <testcase name="top_up_with_a_valid_card_in_steptwo_with_one_pound_and_click_on_continue" time="32.448" classname="Stepdef.Cricketerlive.CRISMO01_Cricketer_register_from_first_use_notice"/>
  <testcase name="i_get_a_funded_axate_wallet_with_one_pound_in_it" time="15.786" classname="Stepdef.Cricketerlive.CRISMO01_Cricketer_register_from_first_use_notice"/>
  <testcase name="navigated_to_the_same_article" time="0.005" classname="Stepdef.Cricketerlive.CRISMO01_Cricketer_register_from_first_use_notice"/>
  <testcase name="finish_notice_appears" time="0.176" classname="Stepdef.Cricketerlive.CRISMO01_Cricketer_register_from_first_use_notice"/>
</testsuite> <!-- Signup_from_FUN -->
